This is pdfTeX, Version 3.14159265-2.6-1.40.15 (TeX Live 2014) (preloaded format=pdflatex 2014.5.25)  19 JAN 2015 00:27
entering extended mode
 restricted \write18 enabled.
 file:line:error style messages enabled.
 %&-line parsing enabled.
**ch2.tex
(./ch2.tex
LaTeX2e <2014/05/01>
Babel <3.9k> and hyphenation patterns for 78 languages loaded.
\c@problem=\count79

./ch2.tex:1: LaTeX Error: No counter 'section' defined.

See the LaTeX manual or LaTeX Companion for explanation.
Type  H <return>  for immediate help.
 ...                                              
                                                  
l.1 \newtheorem{problem}{Problem}[section]
                                          
? 
./ch2.tex:1: Emergency stop.
 ...                                              
                                                  
l.1 \newtheorem{problem}{Problem}[section]
                                          
Your command was ignored.
Type  I <command> <return>  to replace it with another command,
or  <return>  to continue without it.

 
Here is how much of TeX's memory you used:
 12 strings out of 493117
 302 string characters out of 6135433
 52909 words of memory out of 5000000
 3574 multiletter control sequences out of 15000+600000
 3640 words of font info for 14 fonts, out of 8000000 for 9000
 1141 hyphenation exceptions out of 8191
 8i,0n,11p,59b,14s stack positions out of 5000i,500n,10000p,200000b,80000s
./ch2.tex:1:  ==> Fatal error occurred, no output PDF file produced!
