This is pdfTeX, Version 3.14159265-2.6-1.40.15 (TeX Live 2014) (preloaded format=pdflatex 2014.5.25)  22 JAN 2015 23:21
entering extended mode
 restricted \write18 enabled.
 %&-line parsing enabled.
**document.tex
(./document.tex
LaTeX2e <2014/05/01>
Babel <3.9k> and hyphenation patterns for 78 languages loaded.
(/usr/local/texlive/2014/texmf-dist/tex/latex/base/book.cls
Document Class: book 2007/10/19 v1.4h Standard LaTeX document class
(/usr/local/texlive/2014/texmf-dist/tex/latex/base/bk11.clo
File: bk11.clo 2007/10/19 v1.4h Standard LaTeX file (size option)
)
\c@part=\count79
\c@chapter=\count80
\c@section=\count81
\c@subsection=\count82
\c@subsubsection=\count83
\c@paragraph=\count84
\c@subparagraph=\count85
\c@figure=\count86
\c@table=\count87
\abovecaptionskip=\skip41
\belowcaptionskip=\skip42
\bibindent=\dimen102
) (./mystyle.sty
Package: mystyle 

(/usr/local/texlive/2014/texmf-dist/tex/latex/base/fontenc.sty
Package: fontenc 2005/09/27 v1.99g Standard LaTeX package

(/usr/local/texlive/2014/texmf-dist/tex/latex/base/t1enc.def
File: t1enc.def 2005/09/27 v1.99g Standard LaTeX file
LaTeX Font Info:    Redeclaring font encoding T1 on input line 43.
))
(/usr/local/texlive/2014/texmf-dist/tex/latex/base/inputenc.sty
Package: inputenc 2014/04/30 v1.2b Input encoding file
\inpenc@prehook=\toks14
\inpenc@posthook=\toks15

(/usr/local/texlive/2014/texmf-dist/tex/latex/base/utf8.def
File: utf8.def 2008/04/05 v1.1m UTF-8 support for inputenc
Now handling font encoding OML ...
... no UTF-8 mapping file for font encoding OML
Now handling font encoding T1 ...
... processing UTF-8 mapping file for font encoding T1

(/usr/local/texlive/2014/texmf-dist/tex/latex/base/t1enc.dfu
File: t1enc.dfu 2008/04/05 v1.1m UTF-8 support for inputenc
   defining Unicode char U+00A1 (decimal 161)
   defining Unicode char U+00A3 (decimal 163)
   defining Unicode char U+00AB (decimal 171)
   defining Unicode char U+00BB (decimal 187)
   defining Unicode char U+00BF (decimal 191)
   defining Unicode char U+00C0 (decimal 192)
   defining Unicode char U+00C1 (decimal 193)
   defining Unicode char U+00C2 (decimal 194)
   defining Unicode char U+00C3 (decimal 195)
   defining Unicode char U+00C4 (decimal 196)
   defining Unicode char U+00C5 (decimal 197)
   defining Unicode char U+00C6 (decimal 198)
   defining Unicode char U+00C7 (decimal 199)
   defining Unicode char U+00C8 (decimal 200)
   defining Unicode char U+00C9 (decimal 201)
   defining Unicode char U+00CA (decimal 202)
   defining Unicode char U+00CB (decimal 203)
   defining Unicode char U+00CC (decimal 204)
   defining Unicode char U+00CD (decimal 205)
   defining Unicode char U+00CE (decimal 206)
   defining Unicode char U+00CF (decimal 207)
   defining Unicode char U+00D0 (decimal 208)
   defining Unicode char U+00D1 (decimal 209)
   defining Unicode char U+00D2 (decimal 210)
   defining Unicode char U+00D3 (decimal 211)
   defining Unicode char U+00D4 (decimal 212)
   defining Unicode char U+00D5 (decimal 213)
   defining Unicode char U+00D6 (decimal 214)
   defining Unicode char U+00D8 (decimal 216)
   defining Unicode char U+00D9 (decimal 217)
   defining Unicode char U+00DA (decimal 218)
   defining Unicode char U+00DB (decimal 219)
   defining Unicode char U+00DC (decimal 220)
   defining Unicode char U+00DD (decimal 221)
   defining Unicode char U+00DE (decimal 222)
   defining Unicode char U+00DF (decimal 223)
   defining Unicode char U+00E0 (decimal 224)
   defining Unicode char U+00E1 (decimal 225)
   defining Unicode char U+00E2 (decimal 226)
   defining Unicode char U+00E3 (decimal 227)
   defining Unicode char U+00E4 (decimal 228)
   defining Unicode char U+00E5 (decimal 229)
   defining Unicode char U+00E6 (decimal 230)
   defining Unicode char U+00E7 (decimal 231)
   defining Unicode char U+00E8 (decimal 232)
   defining Unicode char U+00E9 (decimal 233)
   defining Unicode char U+00EA (decimal 234)
   defining Unicode char U+00EB (decimal 235)
   defining Unicode char U+00EC (decimal 236)
   defining Unicode char U+00ED (decimal 237)
   defining Unicode char U+00EE (decimal 238)
   defining Unicode char U+00EF (decimal 239)
   defining Unicode char U+00F0 (decimal 240)
   defining Unicode char U+00F1 (decimal 241)
   defining Unicode char U+00F2 (decimal 242)
   defining Unicode char U+00F3 (decimal 243)
   defining Unicode char U+00F4 (decimal 244)
   defining Unicode char U+00F5 (decimal 245)
   defining Unicode char U+00F6 (decimal 246)
   defining Unicode char U+00F8 (decimal 248)
   defining Unicode char U+00F9 (decimal 249)
   defining Unicode char U+00FA (decimal 250)
   defining Unicode char U+00FB (decimal 251)
   defining Unicode char U+00FC (decimal 252)
   defining Unicode char U+00FD (decimal 253)
   defining Unicode char U+00FE (decimal 254)
   defining Unicode char U+00FF (decimal 255)
   defining Unicode char U+0102 (decimal 258)
   defining Unicode char U+0103 (decimal 259)
   defining Unicode char U+0104 (decimal 260)
   defining Unicode char U+0105 (decimal 261)
   defining Unicode char U+0106 (decimal 262)
   defining Unicode char U+0107 (decimal 263)
   defining Unicode char U+010C (decimal 268)
   defining Unicode char U+010D (decimal 269)
   defining Unicode char U+010E (decimal 270)
   defining Unicode char U+010F (decimal 271)
   defining Unicode char U+0110 (decimal 272)
   defining Unicode char U+0111 (decimal 273)
   defining Unicode char U+0118 (decimal 280)
   defining Unicode char U+0119 (decimal 281)
   defining Unicode char U+011A (decimal 282)
   defining Unicode char U+011B (decimal 283)
   defining Unicode char U+011E (decimal 286)
   defining Unicode char U+011F (decimal 287)
   defining Unicode char U+0130 (decimal 304)
   defining Unicode char U+0131 (decimal 305)
   defining Unicode char U+0132 (decimal 306)
   defining Unicode char U+0133 (decimal 307)
   defining Unicode char U+0139 (decimal 313)
   defining Unicode char U+013A (decimal 314)
   defining Unicode char U+013D (decimal 317)
   defining Unicode char U+013E (decimal 318)
   defining Unicode char U+0141 (decimal 321)
   defining Unicode char U+0142 (decimal 322)
   defining Unicode char U+0143 (decimal 323)
   defining Unicode char U+0144 (decimal 324)
   defining Unicode char U+0147 (decimal 327)
   defining Unicode char U+0148 (decimal 328)
   defining Unicode char U+014A (decimal 330)
   defining Unicode char U+014B (decimal 331)
   defining Unicode char U+0150 (decimal 336)
   defining Unicode char U+0151 (decimal 337)
   defining Unicode char U+0152 (decimal 338)
   defining Unicode char U+0153 (decimal 339)
   defining Unicode char U+0154 (decimal 340)
   defining Unicode char U+0155 (decimal 341)
   defining Unicode char U+0158 (decimal 344)
   defining Unicode char U+0159 (decimal 345)
   defining Unicode char U+015A (decimal 346)
   defining Unicode char U+015B (decimal 347)
   defining Unicode char U+015E (decimal 350)
   defining Unicode char U+015F (decimal 351)
   defining Unicode char U+0160 (decimal 352)
   defining Unicode char U+0161 (decimal 353)
   defining Unicode char U+0162 (decimal 354)
   defining Unicode char U+0163 (decimal 355)
   defining Unicode char U+0164 (decimal 356)
   defining Unicode char U+0165 (decimal 357)
   defining Unicode char U+016E (decimal 366)
   defining Unicode char U+016F (decimal 367)
   defining Unicode char U+0170 (decimal 368)
   defining Unicode char U+0171 (decimal 369)
   defining Unicode char U+0178 (decimal 376)
   defining Unicode char U+0179 (decimal 377)
   defining Unicode char U+017A (decimal 378)
   defining Unicode char U+017B (decimal 379)
   defining Unicode char U+017C (decimal 380)
   defining Unicode char U+017D (decimal 381)
   defining Unicode char U+017E (decimal 382)
   defining Unicode char U+200C (decimal 8204)
   defining Unicode char U+2013 (decimal 8211)
   defining Unicode char U+2014 (decimal 8212)
   defining Unicode char U+2018 (decimal 8216)
   defining Unicode char U+2019 (decimal 8217)
   defining Unicode char U+201A (decimal 8218)
   defining Unicode char U+201C (decimal 8220)
   defining Unicode char U+201D (decimal 8221)
   defining Unicode char U+201E (decimal 8222)
   defining Unicode char U+2030 (decimal 8240)
   defining Unicode char U+2031 (decimal 8241)
   defining Unicode char U+2039 (decimal 8249)
   defining Unicode char U+203A (decimal 8250)
   defining Unicode char U+2423 (decimal 9251)
)
Now handling font encoding OT1 ...
... processing UTF-8 mapping file for font encoding OT1

(/usr/local/texlive/2014/texmf-dist/tex/latex/base/ot1enc.dfu
File: ot1enc.dfu 2008/04/05 v1.1m UTF-8 support for inputenc
   defining Unicode char U+00A1 (decimal 161)
   defining Unicode char U+00A3 (decimal 163)
   defining Unicode char U+00B8 (decimal 184)
   defining Unicode char U+00BF (decimal 191)
   defining Unicode char U+00C5 (decimal 197)
   defining Unicode char U+00C6 (decimal 198)
   defining Unicode char U+00D8 (decimal 216)
   defining Unicode char U+00DF (decimal 223)
   defining Unicode char U+00E6 (decimal 230)
   defining Unicode char U+00EC (decimal 236)
   defining Unicode char U+00ED (decimal 237)
   defining Unicode char U+00EE (decimal 238)
   defining Unicode char U+00EF (decimal 239)
   defining Unicode char U+00F8 (decimal 248)
   defining Unicode char U+0131 (decimal 305)
   defining Unicode char U+0141 (decimal 321)
   defining Unicode char U+0142 (decimal 322)
   defining Unicode char U+0152 (decimal 338)
   defining Unicode char U+0153 (decimal 339)
   defining Unicode char U+2013 (decimal 8211)
   defining Unicode char U+2014 (decimal 8212)
   defining Unicode char U+2018 (decimal 8216)
   defining Unicode char U+2019 (decimal 8217)
   defining Unicode char U+201C (decimal 8220)
   defining Unicode char U+201D (decimal 8221)
)
Now handling font encoding OMS ...
... processing UTF-8 mapping file for font encoding OMS

(/usr/local/texlive/2014/texmf-dist/tex/latex/base/omsenc.dfu
File: omsenc.dfu 2008/04/05 v1.1m UTF-8 support for inputenc
   defining Unicode char U+00A7 (decimal 167)
   defining Unicode char U+00B6 (decimal 182)
   defining Unicode char U+00B7 (decimal 183)
   defining Unicode char U+2020 (decimal 8224)
   defining Unicode char U+2021 (decimal 8225)
   defining Unicode char U+2022 (decimal 8226)
)
Now handling font encoding OMX ...
... no UTF-8 mapping file for font encoding OMX
Now handling font encoding U ...
... no UTF-8 mapping file for font encoding U
   defining Unicode char U+00A9 (decimal 169)
   defining Unicode char U+00AA (decimal 170)
   defining Unicode char U+00AE (decimal 174)
   defining Unicode char U+00BA (decimal 186)
   defining Unicode char U+02C6 (decimal 710)
   defining Unicode char U+02DC (decimal 732)
   defining Unicode char U+200C (decimal 8204)
   defining Unicode char U+2026 (decimal 8230)
   defining Unicode char U+2122 (decimal 8482)
   defining Unicode char U+2423 (decimal 9251)
))
(/usr/local/texlive/2014/texmf-dist/tex/latex/url/url.sty
\Urlmuskip=\muskip10
Package: url 2013/09/16  ver 3.4  Verb mode for urls, etc.
)
(/usr/local/texlive/2014/texmf-dist/tex/latex/listings/listings.sty
(/usr/local/texlive/2014/texmf-dist/tex/latex/graphics/keyval.sty
Package: keyval 2014/05/08 v1.15 key=value parser (DPC)
\KV@toks@=\toks16
)
\lst@mode=\count88
\lst@gtempboxa=\box26
\lst@token=\toks17
\lst@length=\count89
\lst@currlwidth=\dimen103
\lst@column=\count90
\lst@pos=\count91
\lst@lostspace=\dimen104
\lst@width=\dimen105
\lst@newlines=\count92
\lst@lineno=\count93
\lst@maxwidth=\dimen106

(/usr/local/texlive/2014/texmf-dist/tex/latex/listings/lstmisc.sty
File: lstmisc.sty 2014/03/04 1.5c (Carsten Heinz)
\c@lstnumber=\count94
\lst@skipnumbers=\count95
\lst@framebox=\box27
)
(/usr/local/texlive/2014/texmf-dist/tex/latex/listings/listings.cfg
File: listings.cfg 2014/03/04 1.5c listings configuration
))
Package: listings 2014/03/04 1.5c (Carsten Heinz)

(/usr/local/texlive/2014/texmf-dist/tex/latex/amsmath/amsmath.sty
Package: amsmath 2013/01/14 v2.14 AMS math features
\@mathmargin=\skip43

For additional information on amsmath, use the `?' option.
(/usr/local/texlive/2014/texmf-dist/tex/latex/amsmath/amstext.sty
Package: amstext 2000/06/29 v2.01

(/usr/local/texlive/2014/texmf-dist/tex/latex/amsmath/amsgen.sty
File: amsgen.sty 1999/11/30 v2.0
\@emptytoks=\toks18
\ex@=\dimen107
))
(/usr/local/texlive/2014/texmf-dist/tex/latex/amsmath/amsbsy.sty
Package: amsbsy 1999/11/29 v1.2d
\pmbraise@=\dimen108
)
(/usr/local/texlive/2014/texmf-dist/tex/latex/amsmath/amsopn.sty
Package: amsopn 1999/12/14 v2.01 operator names
)
\inf@bad=\count96
LaTeX Info: Redefining \frac on input line 210.
\uproot@=\count97
\leftroot@=\count98
LaTeX Info: Redefining \overline on input line 306.
\classnum@=\count99
\DOTSCASE@=\count100
LaTeX Info: Redefining \ldots on input line 378.
LaTeX Info: Redefining \dots on input line 381.
LaTeX Info: Redefining \cdots on input line 466.
\Mathstrutbox@=\box28
\strutbox@=\box29
\big@size=\dimen109
LaTeX Font Info:    Redeclaring font encoding OML on input line 566.
LaTeX Font Info:    Redeclaring font encoding OMS on input line 567.
\macc@depth=\count101
\c@MaxMatrixCols=\count102
\dotsspace@=\muskip11
\c@parentequation=\count103
\dspbrk@lvl=\count104
\tag@help=\toks19
\row@=\count105
\column@=\count106
\maxfields@=\count107
\andhelp@=\toks20
\eqnshift@=\dimen110
\alignsep@=\dimen111
\tagshift@=\dimen112
\tagwidth@=\dimen113
\totwidth@=\dimen114
\lineht@=\dimen115
\@envbody=\toks21
\multlinegap=\skip44
\multlinetaggap=\skip45
\mathdisplay@stack=\toks22
LaTeX Info: Redefining \[ on input line 2665.
LaTeX Info: Redefining \] on input line 2666.
)
(/usr/local/texlive/2014/texmf-dist/tex/latex/amsfonts/amssymb.sty
Package: amssymb 2013/01/14 v3.01 AMS font symbols

(/usr/local/texlive/2014/texmf-dist/tex/latex/amsfonts/amsfonts.sty
Package: amsfonts 2013/01/14 v3.01 Basic AMSFonts support
\symAMSa=\mathgroup4
\symAMSb=\mathgroup5
LaTeX Font Info:    Overwriting math alphabet `\mathfrak' in version `bold'
(Font)                  U/euf/m/n --> U/euf/b/n on input line 106.
))
(/usr/local/texlive/2014/texmf-dist/tex/latex/amscls/amsthm.sty
Package: amsthm 2004/08/06 v2.20
\thm@style=\toks23
\thm@bodyfont=\toks24
\thm@headfont=\toks25
\thm@notefont=\toks26
\thm@headpunct=\toks27
\thm@preskip=\skip46
\thm@postskip=\skip47
\thm@headsep=\skip48
\dth@everypar=\toks28
)
(/usr/local/texlive/2014/texmf-dist/tex/latex/lm/lmodern.sty
Package: lmodern 2009/10/30 v1.6 Latin Modern Fonts
LaTeX Font Info:    Overwriting symbol font `operators' in version `normal'
(Font)                  OT1/cmr/m/n --> OT1/lmr/m/n on input line 22.
LaTeX Font Info:    Overwriting symbol font `letters' in version `normal'
(Font)                  OML/cmm/m/it --> OML/lmm/m/it on input line 23.
LaTeX Font Info:    Overwriting symbol font `symbols' in version `normal'
(Font)                  OMS/cmsy/m/n --> OMS/lmsy/m/n on input line 24.
LaTeX Font Info:    Overwriting symbol font `largesymbols' in version `normal'
(Font)                  OMX/cmex/m/n --> OMX/lmex/m/n on input line 25.
LaTeX Font Info:    Overwriting symbol font `operators' in version `bold'
(Font)                  OT1/cmr/bx/n --> OT1/lmr/bx/n on input line 26.
LaTeX Font Info:    Overwriting symbol font `letters' in version `bold'
(Font)                  OML/cmm/b/it --> OML/lmm/b/it on input line 27.
LaTeX Font Info:    Overwriting symbol font `symbols' in version `bold'
(Font)                  OMS/cmsy/b/n --> OMS/lmsy/b/n on input line 28.
LaTeX Font Info:    Overwriting symbol font `largesymbols' in version `bold'
(Font)                  OMX/cmex/m/n --> OMX/lmex/m/n on input line 29.
LaTeX Font Info:    Overwriting math alphabet `\mathbf' in version `normal'
(Font)                  OT1/cmr/bx/n --> OT1/lmr/bx/n on input line 31.
LaTeX Font Info:    Overwriting math alphabet `\mathsf' in version `normal'
(Font)                  OT1/cmss/m/n --> OT1/lmss/m/n on input line 32.
LaTeX Font Info:    Overwriting math alphabet `\mathit' in version `normal'
(Font)                  OT1/cmr/m/it --> OT1/lmr/m/it on input line 33.
LaTeX Font Info:    Overwriting math alphabet `\mathtt' in version `normal'
(Font)                  OT1/cmtt/m/n --> OT1/lmtt/m/n on input line 34.
LaTeX Font Info:    Overwriting math alphabet `\mathbf' in version `bold'
(Font)                  OT1/cmr/bx/n --> OT1/lmr/bx/n on input line 35.
LaTeX Font Info:    Overwriting math alphabet `\mathsf' in version `bold'
(Font)                  OT1/cmss/bx/n --> OT1/lmss/bx/n on input line 36.
LaTeX Font Info:    Overwriting math alphabet `\mathit' in version `bold'
(Font)                  OT1/cmr/bx/it --> OT1/lmr/bx/it on input line 37.
LaTeX Font Info:    Overwriting math alphabet `\mathtt' in version `bold'
(Font)                  OT1/cmtt/m/n --> OT1/lmtt/m/n on input line 38.
)
(/usr/local/texlive/2014/texmf-dist/tex/latex/graphics/color.sty
Package: color 2014/04/23 v1.1a Standard LaTeX Color (DPC)

(/usr/local/texlive/2014/texmf-dist/tex/latex/latexconfig/color.cfg
File: color.cfg 2007/01/18 v1.5 color configuration of teTeX/TeXLive
)
Package color Info: Driver file: pdftex.def on input line 137.

(/usr/local/texlive/2014/texmf-dist/tex/latex/pdftex-def/pdftex.def
File: pdftex.def 2011/05/27 v0.06d Graphics/color for pdfTeX

(/usr/local/texlive/2014/texmf-dist/tex/generic/oberdiek/infwarerr.sty
Package: infwarerr 2010/04/08 v1.3 Providing info/warning/error messages (HO)
)
(/usr/local/texlive/2014/texmf-dist/tex/generic/oberdiek/ltxcmds.sty
Package: ltxcmds 2011/11/09 v1.22 LaTeX kernel commands for general use (HO)
)
\Gread@gobject=\count108
))
(/usr/local/texlive/2014/texmf-dist/tex/latex/hyperref/hyperref.sty
Package: hyperref 2012/11/06 v6.83m Hypertext links for LaTeX

(/usr/local/texlive/2014/texmf-dist/tex/generic/oberdiek/hobsub-hyperref.sty
Package: hobsub-hyperref 2012/05/28 v1.13 Bundle oberdiek, subset hyperref (HO)


(/usr/local/texlive/2014/texmf-dist/tex/generic/oberdiek/hobsub-generic.sty
Package: hobsub-generic 2012/05/28 v1.13 Bundle oberdiek, subset generic (HO)
Package: hobsub 2012/05/28 v1.13 Construct package bundles (HO)
Package hobsub Info: Skipping package `infwarerr' (already loaded).
Package hobsub Info: Skipping package `ltxcmds' (already loaded).
Package: ifluatex 2010/03/01 v1.3 Provides the ifluatex switch (HO)
Package ifluatex Info: LuaTeX not detected.
Package: ifvtex 2010/03/01 v1.5 Detect VTeX and its facilities (HO)
Package ifvtex Info: VTeX not detected.
Package: intcalc 2007/09/27 v1.1 Expandable calculations with integers (HO)
Package: ifpdf 2011/01/30 v2.3 Provides the ifpdf switch (HO)
Package ifpdf Info: pdfTeX in PDF mode is detected.
Package: etexcmds 2011/02/16 v1.5 Avoid name clashes with e-TeX commands (HO)
Package etexcmds Info: Could not find \expanded.
(etexcmds)             That can mean that you are not using pdfTeX 1.50 or
(etexcmds)             that some package has redefined \expanded.
(etexcmds)             In the latter case, load this package earlier.
Package: kvsetkeys 2012/04/25 v1.16 Key value parser (HO)
Package: kvdefinekeys 2011/04/07 v1.3 Define keys (HO)
Package: pdftexcmds 2011/11/29 v0.20 Utility functions of pdfTeX for LuaTeX (HO
)
Package pdftexcmds Info: LuaTeX not detected.
Package pdftexcmds Info: \pdf@primitive is available.
Package pdftexcmds Info: \pdf@ifprimitive is available.
Package pdftexcmds Info: \pdfdraftmode found.
Package: pdfescape 2011/11/25 v1.13 Implements pdfTeX's escape features (HO)
Package: bigintcalc 2012/04/08 v1.3 Expandable calculations on big integers (HO
)
Package: bitset 2011/01/30 v1.1 Handle bit-vector datatype (HO)
Package: uniquecounter 2011/01/30 v1.2 Provide unlimited unique counter (HO)
)
Package hobsub Info: Skipping package `hobsub' (already loaded).
Package: letltxmacro 2010/09/02 v1.4 Let assignment for LaTeX macros (HO)
Package: hopatch 2012/05/28 v1.2 Wrapper for package hooks (HO)
Package: xcolor-patch 2011/01/30 xcolor patch
Package: atveryend 2011/06/30 v1.8 Hooks at the very end of document (HO)
Package atveryend Info: \enddocument detected (standard20110627).
Package: atbegshi 2011/10/05 v1.16 At begin shipout hook (HO)
Package: refcount 2011/10/16 v3.4 Data extraction from label references (HO)
Package: hycolor 2011/01/30 v1.7 Color options for hyperref/bookmark (HO)
)
(/usr/local/texlive/2014/texmf-dist/tex/generic/ifxetex/ifxetex.sty
Package: ifxetex 2010/09/12 v0.6 Provides ifxetex conditional
)
(/usr/local/texlive/2014/texmf-dist/tex/latex/oberdiek/auxhook.sty
Package: auxhook 2011/03/04 v1.3 Hooks for auxiliary files (HO)
)
(/usr/local/texlive/2014/texmf-dist/tex/latex/oberdiek/kvoptions.sty
Package: kvoptions 2011/06/30 v3.11 Key value format for package options (HO)
)
\@linkdim=\dimen116
\Hy@linkcounter=\count109
\Hy@pagecounter=\count110

(/usr/local/texlive/2014/texmf-dist/tex/latex/hyperref/pd1enc.def
File: pd1enc.def 2012/11/06 v6.83m Hyperref: PDFDocEncoding definition (HO)
Now handling font encoding PD1 ...
... no UTF-8 mapping file for font encoding PD1
)
\Hy@SavedSpaceFactor=\count111

(/usr/local/texlive/2014/texmf-dist/tex/latex/latexconfig/hyperref.cfg
File: hyperref.cfg 2002/06/06 v1.2 hyperref configuration of TeXLive
)
Package hyperref Info: Hyper figures OFF on input line 4443.
Package hyperref Info: Link nesting OFF on input line 4448.
Package hyperref Info: Hyper index ON on input line 4451.
Package hyperref Info: Plain pages OFF on input line 4458.
Package hyperref Info: Backreferencing OFF on input line 4463.
Package hyperref Info: Implicit mode ON; LaTeX internals redefined.
Package hyperref Info: Bookmarks ON on input line 4688.
\c@Hy@tempcnt=\count112
LaTeX Info: Redefining \url on input line 5041.
\XeTeXLinkMargin=\dimen117
\Fld@menulength=\count113
\Field@Width=\dimen118
\Fld@charsize=\dimen119
Package hyperref Info: Hyper figures OFF on input line 6295.
Package hyperref Info: Link nesting OFF on input line 6300.
Package hyperref Info: Hyper index ON on input line 6303.
Package hyperref Info: backreferencing OFF on input line 6310.
Package hyperref Info: Link coloring OFF on input line 6315.
Package hyperref Info: Link coloring with OCG OFF on input line 6320.
Package hyperref Info: PDF/A mode OFF on input line 6325.
LaTeX Info: Redefining \ref on input line 6365.
LaTeX Info: Redefining \pageref on input line 6369.
\Hy@abspage=\count114
\c@Item=\count115
\c@Hfootnote=\count116
)

Package hyperref Message: Driver (autodetected): hpdftex.

(/usr/local/texlive/2014/texmf-dist/tex/latex/hyperref/hpdftex.def
File: hpdftex.def 2012/11/06 v6.83m Hyperref driver for pdfTeX
\Fld@listcount=\count117
\c@bookmark@seq@number=\count118

(/usr/local/texlive/2014/texmf-dist/tex/latex/oberdiek/rerunfilecheck.sty
Package: rerunfilecheck 2011/04/15 v1.7 Rerun checks for auxiliary files (HO)
Package uniquecounter Info: New unique counter `rerunfilecheck' on input line 2
82.
)
\Hy@SectionHShift=\skip49
)
(/usr/local/texlive/2014/texmf-dist/tex/latex/graphics/graphicx.sty
Package: graphicx 2014/04/25 v1.0g Enhanced LaTeX Graphics (DPC,SPQR)

(/usr/local/texlive/2014/texmf-dist/tex/latex/graphics/graphics.sty
Package: graphics 2009/02/05 v1.0o Standard LaTeX Graphics (DPC,SPQR)

(/usr/local/texlive/2014/texmf-dist/tex/latex/graphics/trig.sty
Package: trig 1999/03/16 v1.09 sin cos tan (DPC)
)
(/usr/local/texlive/2014/texmf-dist/tex/latex/latexconfig/graphics.cfg
File: graphics.cfg 2010/04/23 v1.9 graphics configuration of TeX Live
)
Package graphics Info: Driver file: pdftex.def on input line 91.
)
\Gin@req@height=\dimen120
\Gin@req@width=\dimen121
)
(/usr/local/texlive/2014/texmf-dist/tex/generic/babel/babel.sty
Package: babel 2014/03/24 3.9k The Babel package

(/usr/local/texlive/2014/texmf-dist/tex/generic/babel-english/english.ldf
Language: english 2012/08/20 v3.3p English support from the babel system

(/usr/local/texlive/2014/texmf-dist/tex/generic/babel/babel.def
File: babel.def 2014/03/24 3.9k Babel common definitions
\babel@savecnt=\count119
\U@D=\dimen122
)
\l@canadian = a dialect from \language\l@american 
\l@australian = a dialect from \language\l@british 
\l@newzealand = a dialect from \language\l@british 
))
(/usr/local/texlive/2014/texmf-dist/tex/latex/oberdiek/epstopdf.sty
Package: epstopdf 2010/02/09 v2.5 Conversion with epstopdf on the fly (HO)

(/usr/local/texlive/2014/texmf-dist/tex/latex/oberdiek/epstopdf-base.sty
Package: epstopdf-base 2010/02/09 v2.5 Base part for package epstopdf

(/usr/local/texlive/2014/texmf-dist/tex/latex/oberdiek/grfext.sty
Package: grfext 2010/08/19 v1.1 Manage graphics extensions (HO)
)
Package grfext Info: Graphics extension search list:
(grfext)             [.png,.pdf,.jpg,.mps,.jpeg,.jbig2,.jb2,.PNG,.PDF,.JPG,.JPE
G,.JBIG2,.JB2,.eps]
(grfext)             \AppendGraphicsExtensions on input line 452.

(/usr/local/texlive/2014/texmf-dist/tex/latex/latexconfig/epstopdf-sys.cfg
File: epstopdf-sys.cfg 2010/07/13 v1.3 Configuration of (r)epstopdf for TeX Liv
e
)))
(/usr/local/texlive/2014/texmf-dist/tex/latex/pgf/frontendlayer/tikz.sty
(/usr/local/texlive/2014/texmf-dist/tex/latex/pgf/basiclayer/pgf.sty
(/usr/local/texlive/2014/texmf-dist/tex/latex/pgf/utilities/pgfrcs.sty
(/usr/local/texlive/2014/texmf-dist/tex/generic/pgf/utilities/pgfutil-common.te
x
\pgfutil@everybye=\toks29
\pgfutil@tempdima=\dimen123
\pgfutil@tempdimb=\dimen124

(/usr/local/texlive/2014/texmf-dist/tex/generic/pgf/utilities/pgfutil-common-li
sts.tex))
(/usr/local/texlive/2014/texmf-dist/tex/generic/pgf/utilities/pgfutil-latex.def
\pgfutil@abb=\box30
(/usr/local/texlive/2014/texmf-dist/tex/latex/ms/everyshi.sty
Package: everyshi 2001/05/15 v3.00 EveryShipout Package (MS)
))
(/usr/local/texlive/2014/texmf-dist/tex/generic/pgf/utilities/pgfrcs.code.tex
Package: pgfrcs 2013/12/20 v3.0.0 (rcs-revision 1.28)
))
Package: pgf 2013/12/18 v3.0.0 (rcs-revision 1.14)
(/usr/local/texlive/2014/texmf-dist/tex/latex/pgf/basiclayer/pgfcore.sty
(/usr/local/texlive/2014/texmf-dist/tex/latex/pgf/systemlayer/pgfsys.sty
(/usr/local/texlive/2014/texmf-dist/tex/generic/pgf/systemlayer/pgfsys.code.tex
Package: pgfsys 2013/11/30 v3.0.0 (rcs-revision 1.47)
(/usr/local/texlive/2014/texmf-dist/tex/generic/pgf/utilities/pgfkeys.code.tex
\pgfkeys@pathtoks=\toks30
\pgfkeys@temptoks=\toks31

(/usr/local/texlive/2014/texmf-dist/tex/generic/pgf/utilities/pgfkeysfiltered.c
ode.tex
\pgfkeys@tmptoks=\toks32
))
\pgf@x=\dimen125
\pgf@y=\dimen126
\pgf@xa=\dimen127
\pgf@ya=\dimen128
\pgf@xb=\dimen129
\pgf@yb=\dimen130
\pgf@xc=\dimen131
\pgf@yc=\dimen132
\w@pgf@writea=\write3
\r@pgf@reada=\read1
\c@pgf@counta=\count120
\c@pgf@countb=\count121
\c@pgf@countc=\count122
\c@pgf@countd=\count123
\t@pgf@toka=\toks33
\t@pgf@tokb=\toks34
\t@pgf@tokc=\toks35

(/usr/local/texlive/2014/texmf-dist/tex/generic/pgf/systemlayer/pgf.cfg
File: pgf.cfg 2008/05/14  (rcs-revision 1.7)
)
Driver file for pgf: pgfsys-pdftex.def

(/usr/local/texlive/2014/texmf-dist/tex/generic/pgf/systemlayer/pgfsys-pdftex.d
ef
File: pgfsys-pdftex.def 2013/07/18  (rcs-revision 1.33)

(/usr/local/texlive/2014/texmf-dist/tex/generic/pgf/systemlayer/pgfsys-common-p
df.def
File: pgfsys-common-pdf.def 2013/10/10  (rcs-revision 1.13)
)))
(/usr/local/texlive/2014/texmf-dist/tex/generic/pgf/systemlayer/pgfsyssoftpath.
code.tex
File: pgfsyssoftpath.code.tex 2013/09/09  (rcs-revision 1.9)
\pgfsyssoftpath@smallbuffer@items=\count124
\pgfsyssoftpath@bigbuffer@items=\count125
)
(/usr/local/texlive/2014/texmf-dist/tex/generic/pgf/systemlayer/pgfsysprotocol.
code.tex
File: pgfsysprotocol.code.tex 2006/10/16  (rcs-revision 1.4)
)) (/usr/local/texlive/2014/texmf-dist/tex/latex/xcolor/xcolor.sty
Package: xcolor 2007/01/21 v2.11 LaTeX color extensions (UK)

(/usr/local/texlive/2014/texmf-dist/tex/latex/latexconfig/color.cfg
File: color.cfg 2007/01/18 v1.5 color configuration of teTeX/TeXLive
)
Package xcolor Info: Driver file: pdftex.def on input line 225.
LaTeX Info: Redefining \color on input line 702.
Package xcolor Info: Model `cmy' substituted by `cmy0' on input line 1337.
Package xcolor Info: Model `hsb' substituted by `rgb' on input line 1341.
Package xcolor Info: Model `RGB' extended on input line 1353.
Package xcolor Info: Model `HTML' substituted by `rgb' on input line 1355.
Package xcolor Info: Model `Hsb' substituted by `hsb' on input line 1356.
Package xcolor Info: Model `tHsb' substituted by `hsb' on input line 1357.
Package xcolor Info: Model `HSB' substituted by `hsb' on input line 1358.
Package xcolor Info: Model `Gray' substituted by `gray' on input line 1359.
Package xcolor Info: Model `wave' substituted by `hsb' on input line 1360.
)
(/usr/local/texlive/2014/texmf-dist/tex/generic/pgf/basiclayer/pgfcore.code.tex
Package: pgfcore 2010/04/11 v3.0.0 (rcs-revision 1.7)
(/usr/local/texlive/2014/texmf-dist/tex/generic/pgf/math/pgfmath.code.tex
(/usr/local/texlive/2014/texmf-dist/tex/generic/pgf/math/pgfmathcalc.code.tex
(/usr/local/texlive/2014/texmf-dist/tex/generic/pgf/math/pgfmathutil.code.tex)
(/usr/local/texlive/2014/texmf-dist/tex/generic/pgf/math/pgfmathparser.code.tex
\pgfmath@dimen=\dimen133
\pgfmath@count=\count126
\pgfmath@box=\box31
\pgfmath@toks=\toks36
\pgfmath@stack@operand=\toks37
\pgfmath@stack@operation=\toks38
)
(/usr/local/texlive/2014/texmf-dist/tex/generic/pgf/math/pgfmathfunctions.code.
tex
(/usr/local/texlive/2014/texmf-dist/tex/generic/pgf/math/pgfmathfunctions.basic
.code.tex)
(/usr/local/texlive/2014/texmf-dist/tex/generic/pgf/math/pgfmathfunctions.trigo
nometric.code.tex)
(/usr/local/texlive/2014/texmf-dist/tex/generic/pgf/math/pgfmathfunctions.rando
m.code.tex)
(/usr/local/texlive/2014/texmf-dist/tex/generic/pgf/math/pgfmathfunctions.compa
rison.code.tex)
(/usr/local/texlive/2014/texmf-dist/tex/generic/pgf/math/pgfmathfunctions.base.
code.tex)
(/usr/local/texlive/2014/texmf-dist/tex/generic/pgf/math/pgfmathfunctions.round
.code.tex)
(/usr/local/texlive/2014/texmf-dist/tex/generic/pgf/math/pgfmathfunctions.misc.
code.tex)
(/usr/local/texlive/2014/texmf-dist/tex/generic/pgf/math/pgfmathfunctions.integ
erarithmetics.code.tex)))
(/usr/local/texlive/2014/texmf-dist/tex/generic/pgf/math/pgfmathfloat.code.tex
\c@pgfmathroundto@lastzeros=\count127
))
(/usr/local/texlive/2014/texmf-dist/tex/generic/pgf/basiclayer/pgfcorepoints.co
de.tex
File: pgfcorepoints.code.tex 2013/10/07  (rcs-revision 1.27)
\pgf@picminx=\dimen134
\pgf@picmaxx=\dimen135
\pgf@picminy=\dimen136
\pgf@picmaxy=\dimen137
\pgf@pathminx=\dimen138
\pgf@pathmaxx=\dimen139
\pgf@pathminy=\dimen140
\pgf@pathmaxy=\dimen141
\pgf@xx=\dimen142
\pgf@xy=\dimen143
\pgf@yx=\dimen144
\pgf@yy=\dimen145
\pgf@zx=\dimen146
\pgf@zy=\dimen147
)
(/usr/local/texlive/2014/texmf-dist/tex/generic/pgf/basiclayer/pgfcorepathconst
ruct.code.tex
File: pgfcorepathconstruct.code.tex 2013/10/07  (rcs-revision 1.29)
\pgf@path@lastx=\dimen148
\pgf@path@lasty=\dimen149
)
(/usr/local/texlive/2014/texmf-dist/tex/generic/pgf/basiclayer/pgfcorepathusage
.code.tex
File: pgfcorepathusage.code.tex 2013/12/13  (rcs-revision 1.23)
\pgf@shorten@end@additional=\dimen150
\pgf@shorten@start@additional=\dimen151
)
(/usr/local/texlive/2014/texmf-dist/tex/generic/pgf/basiclayer/pgfcorescopes.co
de.tex
File: pgfcorescopes.code.tex 2013/10/09  (rcs-revision 1.44)
\pgfpic=\box32
\pgf@hbox=\box33
\pgf@layerbox@main=\box34
\pgf@picture@serial@count=\count128
)
(/usr/local/texlive/2014/texmf-dist/tex/generic/pgf/basiclayer/pgfcoregraphicst
ate.code.tex
File: pgfcoregraphicstate.code.tex 2013/09/19  (rcs-revision 1.11)
\pgflinewidth=\dimen152
)
(/usr/local/texlive/2014/texmf-dist/tex/generic/pgf/basiclayer/pgfcoretransform
ations.code.tex
File: pgfcoretransformations.code.tex 2013/10/10  (rcs-revision 1.17)
\pgf@pt@x=\dimen153
\pgf@pt@y=\dimen154
\pgf@pt@temp=\dimen155
)
(/usr/local/texlive/2014/texmf-dist/tex/generic/pgf/basiclayer/pgfcorequick.cod
e.tex
File: pgfcorequick.code.tex 2008/10/09  (rcs-revision 1.3)
)
(/usr/local/texlive/2014/texmf-dist/tex/generic/pgf/basiclayer/pgfcoreobjects.c
ode.tex
File: pgfcoreobjects.code.tex 2006/10/11  (rcs-revision 1.2)
)
(/usr/local/texlive/2014/texmf-dist/tex/generic/pgf/basiclayer/pgfcorepathproce
ssing.code.tex
File: pgfcorepathprocessing.code.tex 2013/09/09  (rcs-revision 1.9)
)
(/usr/local/texlive/2014/texmf-dist/tex/generic/pgf/basiclayer/pgfcorearrows.co
de.tex
File: pgfcorearrows.code.tex 2013/11/07  (rcs-revision 1.40)
\pgfarrowsep=\dimen156
)
(/usr/local/texlive/2014/texmf-dist/tex/generic/pgf/basiclayer/pgfcoreshade.cod
e.tex
File: pgfcoreshade.code.tex 2013/07/15  (rcs-revision 1.15)
\pgf@max=\dimen157
\pgf@sys@shading@range@num=\count129
)
(/usr/local/texlive/2014/texmf-dist/tex/generic/pgf/basiclayer/pgfcoreimage.cod
e.tex
File: pgfcoreimage.code.tex 2013/07/15  (rcs-revision 1.18)

(/usr/local/texlive/2014/texmf-dist/tex/generic/pgf/basiclayer/pgfcoreexternal.
code.tex
File: pgfcoreexternal.code.tex 2013/07/15  (rcs-revision 1.20)
\pgfexternal@startupbox=\box35
))
(/usr/local/texlive/2014/texmf-dist/tex/generic/pgf/basiclayer/pgfcorelayers.co
de.tex
File: pgfcorelayers.code.tex 2013/07/18  (rcs-revision 1.7)
)
(/usr/local/texlive/2014/texmf-dist/tex/generic/pgf/basiclayer/pgfcoretranspare
ncy.code.tex
File: pgfcoretransparency.code.tex 2013/09/30  (rcs-revision 1.5)
)
(/usr/local/texlive/2014/texmf-dist/tex/generic/pgf/basiclayer/pgfcorepatterns.
code.tex
File: pgfcorepatterns.code.tex 2013/11/07  (rcs-revision 1.5)
)))
(/usr/local/texlive/2014/texmf-dist/tex/generic/pgf/modules/pgfmoduleshapes.cod
e.tex
File: pgfmoduleshapes.code.tex 2013/10/31  (rcs-revision 1.34)
\pgfnodeparttextbox=\box36
)
(/usr/local/texlive/2014/texmf-dist/tex/generic/pgf/modules/pgfmoduleplot.code.
tex
File: pgfmoduleplot.code.tex 2013/07/31  (rcs-revision 1.12)
)
(/usr/local/texlive/2014/texmf-dist/tex/latex/pgf/compatibility/pgfcomp-version
-0-65.sty
Package: pgfcomp-version-0-65 2007/07/03 v3.0.0 (rcs-revision 1.7)
\pgf@nodesepstart=\dimen158
\pgf@nodesepend=\dimen159
)
(/usr/local/texlive/2014/texmf-dist/tex/latex/pgf/compatibility/pgfcomp-version
-1-18.sty
Package: pgfcomp-version-1-18 2007/07/23 v3.0.0 (rcs-revision 1.1)
))
(/usr/local/texlive/2014/texmf-dist/tex/latex/pgf/utilities/pgffor.sty
(/usr/local/texlive/2014/texmf-dist/tex/latex/pgf/utilities/pgfkeys.sty
(/usr/local/texlive/2014/texmf-dist/tex/generic/pgf/utilities/pgfkeys.code.tex)
) (/usr/local/texlive/2014/texmf-dist/tex/latex/pgf/math/pgfmath.sty
(/usr/local/texlive/2014/texmf-dist/tex/generic/pgf/math/pgfmath.code.tex))
(/usr/local/texlive/2014/texmf-dist/tex/generic/pgf/utilities/pgffor.code.tex
Package: pgffor 2013/12/13 v3.0.0 (rcs-revision 1.25)

(/usr/local/texlive/2014/texmf-dist/tex/generic/pgf/math/pgfmath.code.tex)
\pgffor@iter=\dimen160
\pgffor@skip=\dimen161
\pgffor@stack=\toks39
\pgffor@toks=\toks40
))
(/usr/local/texlive/2014/texmf-dist/tex/generic/pgf/frontendlayer/tikz/tikz.cod
e.tex
Package: tikz 2013/12/13 v3.0.0 (rcs-revision 1.142)

(/usr/local/texlive/2014/texmf-dist/tex/generic/pgf/libraries/pgflibraryplothan
dlers.code.tex
File: pgflibraryplothandlers.code.tex 2013/08/31 v3.0.0 (rcs-revision 1.20)
\pgf@plot@mark@count=\count130
\pgfplotmarksize=\dimen162
)
\tikz@lastx=\dimen163
\tikz@lasty=\dimen164
\tikz@lastxsaved=\dimen165
\tikz@lastysaved=\dimen166
\tikzleveldistance=\dimen167
\tikzsiblingdistance=\dimen168
\tikz@figbox=\box37
\tikz@figbox@bg=\box38
\tikz@tempbox=\box39
\tikz@tempbox@bg=\box40
\tikztreelevel=\count131
\tikznumberofchildren=\count132
\tikznumberofcurrentchild=\count133
\tikz@fig@count=\count134

(/usr/local/texlive/2014/texmf-dist/tex/generic/pgf/modules/pgfmodulematrix.cod
e.tex
File: pgfmodulematrix.code.tex 2013/09/17  (rcs-revision 1.8)
\pgfmatrixcurrentrow=\count135
\pgfmatrixcurrentcolumn=\count136
\pgf@matrix@numberofcolumns=\count137
)
\tikz@expandcount=\count138

(/usr/local/texlive/2014/texmf-dist/tex/generic/pgf/frontendlayer/tikz/librarie
s/tikzlibrarytopaths.code.tex
File: tikzlibrarytopaths.code.tex 2008/06/17 v3.0.0 (rcs-revision 1.2)
)))
(/usr/local/texlive/2014/texmf-dist/tex/latex/float/float.sty
Package: float 2001/11/08 v1.3d Float enhancements (AL)
\c@float@type=\count139
\float@exts=\toks41
\float@box=\box41
\@float@everytoks=\toks42
\@floatcapt=\box42
)
(/usr/local/texlive/2014/texmf-dist/tex/generic/xstring/xstring.sty
(/usr/local/texlive/2014/texmf-dist/tex/generic/xstring/xstring.tex
\@xs@message=\write4
\integerpart=\count140
\decimalpart=\count141
)
Package: xstring 2013/10/13  v1.7c  String manipulations (C Tellechea)
)
\c@example=\count142
)
(./document.aux (./tex/chMathematica.aux) (./tex/ch2.aux) (./tex/ch3.aux)
(./tex/ch4.aux))
\openout1 = `document.aux'.

LaTeX Font Info:    Checking defaults for OML/cmm/m/it on input line 11.
LaTeX Font Info:    ... okay on input line 11.
LaTeX Font Info:    Checking defaults for T1/cmr/m/n on input line 11.
LaTeX Font Info:    ... okay on input line 11.
LaTeX Font Info:    Checking defaults for OT1/cmr/m/n on input line 11.
LaTeX Font Info:    ... okay on input line 11.
LaTeX Font Info:    Checking defaults for OMS/cmsy/m/n on input line 11.
LaTeX Font Info:    ... okay on input line 11.
LaTeX Font Info:    Checking defaults for OMX/cmex/m/n on input line 11.
LaTeX Font Info:    ... okay on input line 11.
LaTeX Font Info:    Checking defaults for U/cmr/m/n on input line 11.
LaTeX Font Info:    ... okay on input line 11.
LaTeX Font Info:    Checking defaults for PD1/pdf/m/n on input line 11.
LaTeX Font Info:    ... okay on input line 11.
LaTeX Font Info:    Try loading font information for T1+lmr on input line 11.
 (/usr/local/texlive/2014/texmf-dist/tex/latex/lm/t1lmr.fd
File: t1lmr.fd 2009/10/30 v1.6 Font defs for Latin Modern
)
\c@lstlisting=\count143

(/usr/local/texlive/2014/texmf-dist/tex/context/base/supp-pdf.mkii
[Loading MPS to PDF converter (version 2006.09.02).]
\scratchcounter=\count144
\scratchdimen=\dimen169
\scratchbox=\box43
\nofMPsegments=\count145
\nofMParguments=\count146
\everyMPshowfont=\toks43
\MPscratchCnt=\count147
\MPscratchDim=\dimen170
\MPnumerator=\count148
\makeMPintoPDFobject=\count149
\everyMPtoPDFconversion=\toks44
)
\AtBeginShipoutBox=\box44
Package hyperref Info: Link coloring OFF on input line 11.
 (/usr/local/texlive/2014/texmf-dist/tex/latex/hyperref/nameref.sty
Package: nameref 2012/10/27 v2.43 Cross-referencing by name of section

(/usr/local/texlive/2014/texmf-dist/tex/generic/oberdiek/gettitlestring.sty
Package: gettitlestring 2010/12/03 v1.4 Cleanup title references (HO)
)
\c@section@level=\count150
)
LaTeX Info: Redefining \ref on input line 11.
LaTeX Info: Redefining \pageref on input line 11.
LaTeX Info: Redefining \nameref on input line 11.

(./document.out) (./document.out)
\@outlinefile=\write5
\openout5 = `document.out'.

 ABD: EveryShipout initializing macros
LaTeX Font Info:    Try loading font information for OT1+lmr on input line 16.

(/usr/local/texlive/2014/texmf-dist/tex/latex/lm/ot1lmr.fd
File: ot1lmr.fd 2009/10/30 v1.6 Font defs for Latin Modern
)
LaTeX Font Info:    Try loading font information for OML+lmm on input line 16.

(/usr/local/texlive/2014/texmf-dist/tex/latex/lm/omllmm.fd
File: omllmm.fd 2009/10/30 v1.6 Font defs for Latin Modern
)
LaTeX Font Info:    Try loading font information for OMS+lmsy on input line 16.


(/usr/local/texlive/2014/texmf-dist/tex/latex/lm/omslmsy.fd
File: omslmsy.fd 2009/10/30 v1.6 Font defs for Latin Modern
)
LaTeX Font Info:    Try loading font information for OMX+lmex on input line 16.


(/usr/local/texlive/2014/texmf-dist/tex/latex/lm/omxlmex.fd
File: omxlmex.fd 2009/10/30 v1.6 Font defs for Latin Modern
)
LaTeX Font Info:    External font `lmex10' loaded for size
(Font)              <12> on input line 16.
LaTeX Font Info:    External font `lmex10' loaded for size
(Font)              <8> on input line 16.
LaTeX Font Info:    External font `lmex10' loaded for size
(Font)              <6> on input line 16.
LaTeX Font Info:    Try loading font information for U+msa on input line 16.

(/usr/local/texlive/2014/texmf-dist/tex/latex/amsfonts/umsa.fd
File: umsa.fd 2013/01/14 v3.01 AMS symbols A
)
LaTeX Font Info:    Try loading font information for U+msb on input line 16.

(/usr/local/texlive/2014/texmf-dist/tex/latex/amsfonts/umsb.fd
File: umsb.fd 2013/01/14 v3.01 AMS symbols B
)
LaTeX Font Info:    External font `lmex10' loaded for size
(Font)              <10> on input line 16.
LaTeX Font Info:    External font `lmex10' loaded for size
(Font)              <7> on input line 16.
LaTeX Font Info:    External font `lmex10' loaded for size
(Font)              <5> on input line 16.
 [1


{/usr/local/texlive/2014/texmf-var/fonts/map/pdftex/updmap/pdftex.map}] [2

] (./document.toc
LaTeX Font Info:    External font `lmex10' loaded for size
(Font)              <10.95> on input line 3.
)
\tf@toc=\write6
\openout6 = `document.toc'.

[3]
\openout2 = `./tex/chMathematica.aux'.

 (./tex/chMathematica.tex [4


]
Chapter 1.
LaTeX Font Info:    External font `lmex10' loaded for size
(Font)              <9> on input line 3.
LaTeX Font Info:    Try loading font information for T1+lmtt on input line 7.
(/usr/local/texlive/2014/texmf-dist/tex/latex/lm/t1lmtt.fd
File: t1lmtt.fd 2009/10/30 v1.6 Font defs for Latin Modern
)
<figures/mathematica.png, id=157, 623.32875pt x 359.09157pt>
File: figures/mathematica.png Graphic file (type png)

<use figures/mathematica.png>
Package pdftex.def Info: figures/mathematica.png used on input line 11.
(pdftex.def)             Requested size: 249.32707pt x 143.63408pt.


LaTeX Warning: `!h' float specifier changed to `!ht'.

LaTeX Font Info:    Try loading font information for OMS+lmr on input line 19.
(/usr/local/texlive/2014/texmf-dist/tex/latex/lm/omslmr.fd
File: omslmr.fd 2009/10/30 v1.6 Font defs for Latin Modern
)
LaTeX Font Info:    Font shape `OMS/lmr/m/n' in size <10.95> not available
(Font)              Font shape `OMS/lmsy/m/n' tried instead on input line 19.
 [5]
Underfull \hbox (badness 10000) in paragraph at lines 32--50

 []


Underfull \hbox (badness 10000) in paragraph at lines 32--50

 []


Underfull \hbox (badness 10000) in paragraph at lines 32--50

 []


Underfull \hbox (badness 10000) in paragraph at lines 32--50

 []


Underfull \hbox (badness 10000) in paragraph at lines 32--50

 []

[6pdfTeX warning (ext4): destination with the same identifier (name{figure.1.1}
) has been already used, duplicate ignored

\AtBegShi@Output ...ipout \box \AtBeginShipoutBox 
                                                  \fi \fi 
l.50 
      <./figures/mathematica.png>]
Underfull \hbox (badness 10000) in paragraph at lines 52--58

 []


Underfull \hbox (badness 10000) in paragraph at lines 64--86

 []


Overfull \hbox (2.63495pt too wide) in paragraph at lines 90--105
 [][] 
 []


Underfull \vbox (badness 10000) has occurred while \output is active []

 [7]
Package epstopdf Info: Source file: <figures/sin.eps>
(epstopdf)                    date: 2015-01-18 21:15:38
(epstopdf)                    size: 106167 bytes
(epstopdf)             Output file: <figures/sin-eps-converted-to.pdf>
(epstopdf)                    date: 2015-01-18 21:17:52
(epstopdf)                    size: 9815 bytes
(epstopdf)             Command: <repstopdf --outfile=figures/sin-eps-converted-
to.pdf figures/sin.eps>
(epstopdf)             \includegraphics on input line 115.
Package epstopdf Info: Output file is already uptodate.

<figures/sin-eps-converted-to.pdf, id=202, 260.975pt x 156.585pt>
File: figures/sin-eps-converted-to.pdf Graphic file (type pdf)

<use figures/sin-eps-converted-to.pdf>
Package pdftex.def Info: figures/sin-eps-converted-to.pdf used on input line 11
5.
(pdftex.def)             Requested size: 260.97437pt x 156.58461pt.

<figures/sin3D.png, id=203, 361.35pt x 278.03876pt>
File: figures/sin3D.png Graphic file (type png)
 <use figures/sin3D.png>
Package pdftex.def Info: figures/sin3D.png used on input line 122.
(pdftex.def)             Requested size: 271.01184pt x 208.52855pt.

Underfull \vbox (badness 10000) has occurred while \output is active []

 [8pdfTeX warning (ext4): destination with the same identifier (name{table.1.1}
) has been already used, duplicate ignored

\AtBegShi@Output ...ipout \box \AtBeginShipoutBox 
                                                  \fi \fi 
l.126 
      pdfTeX warning (ext4): destination with the same identifier (name{figure.
1.2}) has been already used, duplicate ignored

\AtBegShi@Output ...ipout \box \AtBeginShipoutBox 
                                                  \fi \fi 
l.126 
       <./figures/sin-eps-converted-to.pdf>]
Package epstopdf Info: Source file: <figures/sinLabel.eps>
(epstopdf)                    date: 2015-01-18 21:15:38
(epstopdf)                    size: 169559 bytes
(epstopdf)             Output file: <figures/sinLabel-eps-converted-to.pdf>
(epstopdf)                    date: 2015-01-18 21:17:53
(epstopdf)                    size: 13379 bytes
(epstopdf)             Command: <repstopdf --outfile=figures/sinLabel-eps-conve
rted-to.pdf figures/sinLabel.eps>
(epstopdf)             \includegraphics on input line 129.
Package epstopdf Info: Output file is already uptodate.

<figures/sinLabel-eps-converted-to.pdf, id=222, 260.975pt x 154.5775pt>
File: figures/sinLabel-eps-converted-to.pdf Graphic file (type pdf)

<use figures/sinLabel-eps-converted-to.pdf>
Package pdftex.def Info: figures/sinLabel-eps-converted-to.pdf used on input li
ne 129.
(pdftex.def)             Requested size: 260.97437pt x 154.5771pt.
 [9pdfTeX warning (ext4): destination with the same identifier (name{figure.1.3
}) has been already used, duplicate ignored

\AtBegShi@Output ...ipout \box \AtBeginShipoutBox 
                                                  \fi \fi 
l.139 \item \emph
                 {Differential-Algebraic Equations} {DAEs}, in which some me...
pdfTeX warning (ext4): destination with the same identifier (name{figure.1.4}) 
has been already used, duplicate ignored

\AtBegShi@Output ...ipout \box \AtBeginShipoutBox 
                                                  \fi \fi 
l.139 \item \emph
                 {Differential-Algebraic Equations} {DAEs}, in which some me...
 <./figures/sin3D.png (PNG copy)> <./figures/sinLabel-eps-converted-to.pdf>]
Package epstopdf Info: Source file: <figures/ODE.eps>
(epstopdf)                    date: 2015-01-18 21:15:38
(epstopdf)                    size: 132725 bytes
(epstopdf)             Output file: <figures/ODE-eps-converted-to.pdf>
(epstopdf)                    date: 2015-01-18 21:17:55
(epstopdf)                    size: 12649 bytes
(epstopdf)             Command: <repstopdf --outfile=figures/ODE-eps-converted-
to.pdf figures/ODE.eps>
(epstopdf)             \includegraphics on input line 148.
Package epstopdf Info: Output file is already uptodate.

<figures/ODE-eps-converted-to.pdf, id=243, 260.975pt x 163.61125pt>
File: figures/ODE-eps-converted-to.pdf Graphic file (type pdf)

<use figures/ODE-eps-converted-to.pdf>
Package pdftex.def Info: figures/ODE-eps-converted-to.pdf used on input line 14
8.
(pdftex.def)             Requested size: 260.97437pt x 163.61084pt.

(/usr/local/texlive/2014/texmf-dist/tex/latex/listings/lstlang1.sty
File: lstlang1.sty 2014/03/04 1.5c listings language file
)
(/usr/local/texlive/2014/texmf-dist/tex/latex/listings/lstlang1.sty
File: lstlang1.sty 2014/03/04 1.5c listings language file
)
(/usr/local/texlive/2014/texmf-dist/tex/latex/listings/lstlang1.sty
File: lstlang1.sty 2014/03/04 1.5c listings language file
)
LaTeX Font Info:    Try loading font information for T1+lmss on input line 171.


(/usr/local/texlive/2014/texmf-dist/tex/latex/lm/t1lmss.fd
File: t1lmss.fd 2009/10/30 v1.6 Font defs for Latin Modern
) [10pdfTeX warning (ext4): destination with the same identifier (name{figure.1
.5}) has been already used, duplicate ignored

\AtBegShi@Output ...ipout \box \AtBeginShipoutBox 
                                                  \fi \fi 
l.182 \end{lstlisting}
                       <./figures/ODE-eps-converted-to.pdf>]
Underfull \hbox (badness 10000) in paragraph at lines 184--185

 []

) [11]
\openout2 = `./tex/ch2.aux'.

 (./tex/ch2.tex
\c@problem=\count151
 [12



]
Chapter 2.
<figures/ch2/1.png, id=283, 158.84344pt x 240.9pt>
File: figures/ch2/1.png Graphic file (type png)
 <use figures/ch2/1.png>
Package pdftex.def Info: figures/ch2/1.png used on input line 18.
(pdftex.def)             Requested size: 95.3068pt x 144.5411pt.


LaTeX Warning: `!h' float specifier changed to `!ht'.

[13]
Package epstopdf Info: Source file: <figures/ch2/2.eps>
(epstopdf)                    date: 2015-01-19 01:56:04
(epstopdf)                    size: 280594 bytes
(epstopdf)             Output file: <figures/ch2/2-eps-converted-to.pdf>
(epstopdf)                    date: 2015-01-19 09:12:36
(epstopdf)                    size: 22996 bytes
(epstopdf)             Command: <repstopdf --outfile=figures/ch2/2-eps-converte
d-to.pdf figures/ch2/2.eps>
(epstopdf)             \includegraphics on input line 49.
Package epstopdf Info: Output file is already uptodate.
 <figures/ch2/2-eps-converted-to.pdf, id=294, 260.975pt x 143.53625pt>
File: figures/ch2/2-eps-converted-to.pdf Graphic file (type pdf)

<use figures/ch2/2-eps-converted-to.pdf>
Package pdftex.def Info: figures/ch2/2-eps-converted-to.pdf used on input line 
49.
(pdftex.def)             Requested size: 260.97437pt x 143.53589pt.


LaTeX Warning: `!h' float specifier changed to `!ht'.

[14pdfTeX warning (ext4): destination with the same identifier (name{figure.2.1
}) has been already used, duplicate ignored

\AtBegShi@Output ...ipout \box \AtBeginShipoutBox 
                                                  \fi \fi 
l.64 \item D
            erive and expression for the temperature distribution $T(x)$, <./fi
gures/ch2/1.png>] <figures/ch2/3.png, id=304, 353.82187pt x 185.19188pt>
File: figures/ch2/3.png Graphic file (type png)

<use figures/ch2/3.png>
Package pdftex.def Info: figures/ch2/3.png used on input line 71.
(pdftex.def)             Requested size: 212.29475pt x 111.11597pt.

Underfull \hbox (badness 10000) in paragraph at lines 78--79

 []

[15pdfTeX warning (ext4): destination with the same identifier (name{figure.2.2
}) has been already used, duplicate ignored

\AtBegShi@Output ...ipout \box \AtBeginShipoutBox 
                                                  \fi \fi 
l.84 $$Q=-kA\frac{dT}{dx}$$
                           pdfTeX warning (ext4): destination with the same ide
ntifier (name{figure.2.3}) has been already used, duplicate ignored

\AtBegShi@Output ...ipout \box \AtBeginShipoutBox 
                                                  \fi \fi 
l.84 $$Q=-kA\frac{dT}{dx}$$
                            <./figures/ch2/2-eps-converted-to.pdf> <./figures/c
h2/3.png>]
Package epstopdf Info: Source file: <figures/ch2/4.eps>
(epstopdf)                    date: 2015-01-19 01:56:04
(epstopdf)                    size: 275144 bytes
(epstopdf)             Output file: <figures/ch2/4-eps-converted-to.pdf>
(epstopdf)                    date: 2015-01-19 09:12:38
(epstopdf)                    size: 21043 bytes
(epstopdf)             Command: <repstopdf --outfile=figures/ch2/4-eps-converte
d-to.pdf figures/ch2/4.eps>
(epstopdf)             \includegraphics on input line 118.
Package epstopdf Info: Output file is already uptodate.

<figures/ch2/4-eps-converted-to.pdf, id=319, 260.975pt x 143.53625pt>
File: figures/ch2/4-eps-converted-to.pdf Graphic file (type pdf)

<use figures/ch2/4-eps-converted-to.pdf>
Package pdftex.def Info: figures/ch2/4-eps-converted-to.pdf used on input line 
118.
(pdftex.def)             Requested size: 260.97437pt x 143.53589pt.
 [16]
Package epstopdf Info: Source file: <figures/ch2/5.eps>
(epstopdf)                    date: 2015-01-19 01:56:04
(epstopdf)                    size: 268339 bytes
(epstopdf)             Output file: <figures/ch2/5-eps-converted-to.pdf>
(epstopdf)                    date: 2015-01-19 09:12:39
(epstopdf)                    size: 17053 bytes
(epstopdf)             Command: <repstopdf --outfile=figures/ch2/5-eps-converte
d-to.pdf figures/ch2/5.eps>
(epstopdf)             \includegraphics on input line 132.
Package epstopdf Info: Output file is already uptodate.

<figures/ch2/5-eps-converted-to.pdf, id=327, 260.975pt x 141.52875pt>
File: figures/ch2/5-eps-converted-to.pdf Graphic file (type pdf)

<use figures/ch2/5-eps-converted-to.pdf>
Package pdftex.def Info: figures/ch2/5-eps-converted-to.pdf used on input line 
132.
(pdftex.def)             Requested size: 260.97437pt x 141.5284pt.

<figures/ch2/6.png, id=328, 278.54062pt x 237.13594pt>
File: figures/ch2/6.png Graphic file (type png)
 <use figures/ch2/6.png>
Package pdftex.def Info: figures/ch2/6.png used on input line 151.
(pdftex.def)             Requested size: 167.12566pt x 142.28265pt.

[17pdfTeX warning (ext4): destination with the same identifier (name{figure.2.4
}) has been already used, duplicate ignored

\AtBegShi@Output ...ipout \box \AtBeginShipoutBox 
                                                  \fi \fi 
l.154 \end{figure}
                  pdfTeX warning (ext4): destination with the same identifier (
name{figure.2.5}) has been already used, duplicate ignored

\AtBegShi@Output ...ipout \box \AtBeginShipoutBox 
                                                  \fi \fi 
l.154 \end{figure}
                   <./figures/ch2/4-eps-converted-to.pdf> <./figures/ch2/5-eps-
converted-to.pdf>] [18pdfTeX warning (ext4): destination with the same identifi
er (name{figure.2.6}) has been already used, duplicate ignored

\AtBegShi@Output ...ipout \box \AtBeginShipoutBox 
                                                  \fi \fi 
l.172 ...T_0}{L}+\frac{\dot{q}L}{2k}\right)x+T_0$$
                                                   <./figures/ch2/6.png>]
Package epstopdf Info: Source file: <figures/ch2/7.eps>
(epstopdf)                    date: 2015-01-19 01:56:04
(epstopdf)                    size: 273444 bytes
(epstopdf)             Output file: <figures/ch2/7-eps-converted-to.pdf>
(epstopdf)                    date: 2015-01-19 09:12:41
(epstopdf)                    size: 20733 bytes
(epstopdf)             Command: <repstopdf --outfile=figures/ch2/7-eps-converte
d-to.pdf figures/ch2/7.eps>
(epstopdf)             \includegraphics on input line 177.
Package epstopdf Info: Output file is already uptodate.

<figures/ch2/7-eps-converted-to.pdf, id=349, 260.975pt x 143.53625pt>
File: figures/ch2/7-eps-converted-to.pdf Graphic file (type pdf)

<use figures/ch2/7-eps-converted-to.pdf>
Package pdftex.def Info: figures/ch2/7-eps-converted-to.pdf used on input line 
177.
(pdftex.def)             Requested size: 260.97437pt x 143.53589pt.

<figures/ch2/8.png, id=350, 295.1025pt x 283.0575pt>
File: figures/ch2/8.png Graphic file (type png)
 <use figures/ch2/8.png>
Package pdftex.def Info: figures/ch2/8.png used on input line 193.
(pdftex.def)             Requested size: 177.06285pt x 169.8358pt.

Underfull \vbox (badness 10000) has occurred while \output is active []


Overfull \hbox (83.43886pt too wide) has occurred while \output is active
\T1/lmr/m/sl/10.95 2.3.  1-D STEADY STATE, CONSTANT INTERNAL HEAT GENERATION PR
OBLEMS \T1/lmr/m/n/10.95 19
 []

[19pdfTeX warning (ext4): destination with the same identifier (name{figure.2.7
}) has been already used, duplicate ignored

\AtBegShi@Output ...ipout \box \AtBeginShipoutBox 
                                                  \fi \fi 
l.197 \end{example}
                    <./figures/ch2/7-eps-converted-to.pdf>]
Overfull \hbox (2.13594pt too wide) detected at line 219
\OML/lmm/m/it/10.95 T\OT1/lmr/m/n/10.95 (\OML/lmm/m/it/10.95 r\OT1/lmr/m/n/10.9
5 ) = \OMS/lmsy/m/n/10.95 ^^@[]\OML/lmm/m/it/10.95 r[] \OT1/lmr/m/n/10.95 + [] 
\OMS/lmsy/m/n/10.95 ^^A \OML/lmm/m/it/10.95 Inr \OT1/lmr/m/n/10.95 + []
 []

Package epstopdf Info: Source file: <figures/ch2/9.eps>
(epstopdf)                    date: 2015-01-19 01:56:04
(epstopdf)                    size: 288306 bytes
(epstopdf)             Output file: <figures/ch2/9-eps-converted-to.pdf>
(epstopdf)                    date: 2015-01-19 09:12:42
(epstopdf)                    size: 17934 bytes
(epstopdf)             Command: <repstopdf --outfile=figures/ch2/9-eps-converte
d-to.pdf figures/ch2/9.eps>
(epstopdf)             \includegraphics on input line 225.
Package epstopdf Info: Output file is already uptodate.
<figures/ch2/9-eps-converted-to.pdf, id=362, 260.975pt x 159.59625pt>
File: figures/ch2/9-eps-converted-to.pdf Graphic file (type pdf)

<use figures/ch2/9-eps-converted-to.pdf>
Package pdftex.def Info: figures/ch2/9-eps-converted-to.pdf used on input line 
225.
(pdftex.def)             Requested size: 260.97437pt x 159.59584pt.


LaTeX Warning: `!h' float specifier changed to `!ht'.

[20pdfTeX warning (ext4): destination with the same identifier (name{figure.2.8
}) has been already used, duplicate ignored

\AtBegShi@Output ...ipout \box \AtBeginShipoutBox 
                                                  \fi \fi 
l.238 \end{example}
                    <./figures/ch2/8.png>]
Package epstopdf Info: Source file: <figures/ch2/10.eps>
(epstopdf)                    date: 2015-01-19 01:56:04
(epstopdf)                    size: 284464 bytes
(epstopdf)             Output file: <figures/ch2/10-eps-converted-to.pdf>
(epstopdf)                    date: 2015-01-19 09:12:44
(epstopdf)                    size: 15089 bytes
(epstopdf)             Command: <repstopdf --outfile=figures/ch2/10-eps-convert
ed-to.pdf figures/ch2/10.eps>
(epstopdf)             \includegraphics on input line 254.
Package epstopdf Info: Output file is already uptodate.

<figures/ch2/10-eps-converted-to.pdf, id=373, 260.975pt x 157.58875pt>
File: figures/ch2/10-eps-converted-to.pdf Graphic file (type pdf)

<use figures/ch2/10-eps-converted-to.pdf>
Package pdftex.def Info: figures/ch2/10-eps-converted-to.pdf used on input line
 254.
(pdftex.def)             Requested size: 208.78027pt x 126.07115pt.

Overfull \hbox (71.27219pt too wide) has occurred while \output is active
\T1/lmr/m/sl/10.95 2.4.  1-D STEADY STATE, VARIATE INTERNAL HEAT GENERATION PRO
BLEMS \T1/lmr/m/n/10.95 21
 []

[21pdfTeX warning (ext4): destination with the same identifier (name{figure.2.9
}) has been already used, duplicate ignored

\AtBegShi@Output ...ipout \box \AtBeginShipoutBox 
                                                  \fi \fi 
l.259 F
       or the tube, the cylindrical equation is <./figures/ch2/9-eps-converted-
to.pdf>]
Overfull \hbox (35.57771pt too wide) detected at line 268
[] []
 []

Package epstopdf Info: Source file: <figures/ch2/11.eps>
(epstopdf)                    date: 2015-01-20 15:02:07
(epstopdf)                    size: 267446 bytes
(epstopdf)             Output file: <figures/ch2/11-eps-converted-to.pdf>
(epstopdf)                    date: 2015-01-20 15:16:51
(epstopdf)                    size: 12799 bytes
(epstopdf)             Command: <repstopdf --outfile=figures/ch2/11-eps-convert
ed-to.pdf figures/ch2/11.eps>
(epstopdf)             \includegraphics on input line 273.
Package epstopdf Info: Output file is already uptodate.
<figures/ch2/11-eps-converted-to.pdf, id=383, 260.975pt x 151.56625pt>
File: figures/ch2/11-eps-converted-to.pdf Graphic file (type pdf)

<use figures/ch2/11-eps-converted-to.pdf>
Package pdftex.def Info: figures/ch2/11-eps-converted-to.pdf used on input line
 273.
(pdftex.def)             Requested size: 208.78027pt x 121.25316pt.
 [22pdfTeX warning (ext4): destination with the same identifier (name{figure.2.
10}) has been already used, duplicate ignored

\AtBegShi@Output ...ipout \box \AtBeginShipoutBox 
                                                  \fi \fi 
l.288 \begin{enumerate}
                       pdfTeX warning (ext4): destination with the same identif
ier (name{figure.2.11}) has been already used, duplicate ignored

\AtBegShi@Output ...ipout \box \AtBeginShipoutBox 
                                                  \fi \fi 
l.288 \begin{enumerate}
                        <./figures/ch2/10-eps-converted-to.pdf> <./figures/ch2/
11-eps-converted-to.pdf>]
<figures/ch2/12.png, id=396, 255.20343pt x 237.88875pt>
File: figures/ch2/12.png Graphic file (type png)

<use figures/ch2/12.png>
Package pdftex.def Info: figures/ch2/12.png used on input line 295.
(pdftex.def)             Requested size: 153.12323pt x 142.73433pt.
 [23pdfTeX warning (ext4): destination with the same identifier (name{figure.2.
12}) has been already used, duplicate ignored

\AtBegShi@Output ...ipout \box \AtBeginShipoutBox 
                                                  \fi \fi 
l.319 $$\theta(x) \equiv T(X)-T_\infty$$
                                         <./figures/ch2/12.png>]
Package epstopdf Info: Source file: <figures/ch2/13.eps>
(epstopdf)                    date: 2015-01-19 01:56:04
(epstopdf)                    size: 277966 bytes
(epstopdf)             Output file: <figures/ch2/13-eps-converted-to.pdf>
(epstopdf)                    date: 2015-01-19 09:12:47
(epstopdf)                    size: 17677 bytes
(epstopdf)             Command: <repstopdf --outfile=figures/ch2/13-eps-convert
ed-to.pdf figures/ch2/13.eps>
(epstopdf)             \includegraphics on input line 339.
Package epstopdf Info: Output file is already uptodate.

<figures/ch2/13-eps-converted-to.pdf, id=410, 260.975pt x 147.55125pt>
File: figures/ch2/13-eps-converted-to.pdf Graphic file (type pdf)

<use figures/ch2/13-eps-converted-to.pdf>
Package pdftex.def Info: figures/ch2/13-eps-converted-to.pdf used on input line
 339.
(pdftex.def)             Requested size: 260.97437pt x 147.55087pt.


LaTeX Warning: `!h' float specifier changed to `!ht'.

Package epstopdf Info: Source file: <figures/ch2/14.eps>
(epstopdf)                    date: 2015-01-19 01:56:04
(epstopdf)                    size: 268465 bytes
(epstopdf)             Output file: <figures/ch2/14-eps-converted-to.pdf>
(epstopdf)                    date: 2015-01-19 09:12:49
(epstopdf)                    size: 15031 bytes
(epstopdf)             Command: <repstopdf --outfile=figures/ch2/14-eps-convert
ed-to.pdf figures/ch2/14.eps>
(epstopdf)             \includegraphics on input line 355.
Package epstopdf Info: Output file is already uptodate.
<figures/ch2/14-eps-converted-to.pdf, id=412, 260.975pt x 147.55125pt>
File: figures/ch2/14-eps-converted-to.pdf Graphic file (type pdf)

<use figures/ch2/14-eps-converted-to.pdf>
Package pdftex.def Info: figures/ch2/14-eps-converted-to.pdf used on input line
 355.
(pdftex.def)             Requested size: 260.97437pt x 147.55087pt.


LaTeX Warning: `!h' float specifier changed to `!ht'.

[24] [25pdfTeX warning (ext4): destination with the same identifier (name{figur
e.2.13}) has been already used, duplicate ignored

\AtBegShi@Output ...ipout \box \AtBeginShipoutBox 
                                                  \fi \fi 
l.363 $$\frac{\theta}{\theta_1}=e^{-mx}$$
                                         pdfTeX warning (ext4): destination wit
h the same identifier (name{figure.2.14}) has been already used, duplicate igno
red

\AtBegShi@Output ...ipout \box \AtBeginShipoutBox 
                                                  \fi \fi 
l.363 $$\frac{\theta}{\theta_1}=e^{-mx}$$
                                          <./figures/ch2/13-eps-converted-to.pd
f> <./figures/ch2/14-eps-converted-to.pdf>]
Package epstopdf Info: Source file: <figures/ch2/15.eps>
(epstopdf)                    date: 2015-01-19 01:56:04
(epstopdf)                    size: 265213 bytes
(epstopdf)             Output file: <figures/ch2/15-eps-converted-to.pdf>
(epstopdf)                    date: 2015-01-19 09:12:50
(epstopdf)                    size: 14334 bytes
(epstopdf)             Command: <repstopdf --outfile=figures/ch2/15-eps-convert
ed-to.pdf figures/ch2/15.eps>
(epstopdf)             \includegraphics on input line 367.
Package epstopdf Info: Output file is already uptodate.

<figures/ch2/15-eps-converted-to.pdf, id=432, 260.975pt x 147.55125pt>
File: figures/ch2/15-eps-converted-to.pdf Graphic file (type pdf)

<use figures/ch2/15-eps-converted-to.pdf>
Package pdftex.def Info: figures/ch2/15-eps-converted-to.pdf used on input line
 367.
(pdftex.def)             Requested size: 260.97437pt x 147.55087pt.

<figures/ch2/16.png, id=434, 497.60907pt x 336.50719pt>
File: figures/ch2/16.png Graphic file (type png)

<use figures/ch2/16.png>
Package pdftex.def Info: figures/ch2/16.png used on input line 392.
(pdftex.def)             Requested size: 199.0401pt x 134.60048pt.

Underfull \vbox (badness 2343) has occurred while \output is active []

 [26pdfTeX warning (ext4): destination with the same identifier (name{figure.2.
15}) has been already used, duplicate ignored

\AtBegShi@Output ...ipout \box \AtBeginShipoutBox 
                                                  \fi \fi 
l.396 \end{example}
                    <./figures/ch2/15-eps-converted-to.pdf>]
Underfull \hbox (badness 10000) in paragraph at lines 399--400

 []


Overfull \hbox (15.55705pt too wide) detected at line 429
[] []
 []

Package epstopdf Info: Source file: <figures/ch2/17.eps>
(epstopdf)                    date: 2015-01-19 01:56:04
(epstopdf)                    size: 274805 bytes
(epstopdf)             Output file: <figures/ch2/17-eps-converted-to.pdf>
(epstopdf)                    date: 2015-01-19 09:12:52
(epstopdf)                    size: 17378 bytes
(epstopdf)             Command: <repstopdf --outfile=figures/ch2/17-eps-convert
ed-to.pdf figures/ch2/17.eps>
(epstopdf)             \includegraphics on input line 433.
Package epstopdf Info: Output file is already uptodate.
<figures/ch2/17-eps-converted-to.pdf, id=449, 260.975pt x 147.55125pt>
File: figures/ch2/17-eps-converted-to.pdf Graphic file (type pdf)

<use figures/ch2/17-eps-converted-to.pdf>
Package pdftex.def Info: figures/ch2/17-eps-converted-to.pdf used on input line
 433.
(pdftex.def)             Requested size: 260.97437pt x 147.55087pt.


LaTeX Warning: `!h' float specifier changed to `!ht'.

[27pdfTeX warning (ext4): destination with the same identifier (name{figure.2.1
6}) has been already used, duplicate ignored

\AtBegShi@Output ...ipout \box \AtBeginShipoutBox 
                                                  \fi \fi 
l.440 ...gamma)-J_0(ir_1\gamma)Y_0(-ir_2\gamma)}$$
                                                   <./figures/ch2/16.png>]
Package epstopdf Info: Source file: <figures/ch2/18.eps>
(epstopdf)                    date: 2015-01-19 01:56:04
(epstopdf)                    size: 268002 bytes
(epstopdf)             Output file: <figures/ch2/18-eps-converted-to.pdf>
(epstopdf)                    date: 2015-01-19 09:12:54
(epstopdf)                    size: 14909 bytes
(epstopdf)             Command: <repstopdf --outfile=figures/ch2/18-eps-convert
ed-to.pdf figures/ch2/18.eps>
(epstopdf)             \includegraphics on input line 444.
Package epstopdf Info: Output file is already uptodate.

<figures/ch2/18-eps-converted-to.pdf, id=458, 260.975pt x 147.55125pt>
File: figures/ch2/18-eps-converted-to.pdf Graphic file (type pdf)

<use figures/ch2/18-eps-converted-to.pdf>
Package pdftex.def Info: figures/ch2/18-eps-converted-to.pdf used on input line
 444.
(pdftex.def)             Requested size: 260.97437pt x 147.55087pt.
) [28pdfTeX warning (ext4): destination with the same identifier (name{figure.2
.17}) has been already used, duplicate ignored

\AtBegShi@Output ...ipout \box \AtBeginShipoutBox 
                                                  \fi \fi 
l.23 \include{./tex/ch2}
                        pdfTeX warning (ext4): destination with the same identi
fier (name{figure.2.18}) has been already used, duplicate ignored

\AtBegShi@Output ...ipout \box \AtBeginShipoutBox 
                                                  \fi \fi 
l.23 \include{./tex/ch2}
                         <./figures/ch2/17-eps-converted-to.pdf> <./figures/ch2
/18-eps-converted-to.pdf>] [29]
\openout2 = `./tex/ch3.aux'.

 (./tex/ch3.tex [30



]
Chapter 3.
<figures/ch3/1.png, id=478, 323.70938pt x 191.9672pt>
File: figures/ch3/1.png Graphic file (type png)
 <use figures/ch3/1.png>
Package pdftex.def Info: figures/ch3/1.png used on input line 13.
(pdftex.def)             Requested size: 258.96785pt x 153.57396pt.


LaTeX Warning: `!h' float specifier changed to `!ht'.

[31] <figures/ch3/2.png, id=487, 260.6538pt x 207.6558pt>
File: figures/ch3/2.png Graphic file (type png)

<use figures/ch3/2.png>
Package pdftex.def Info: figures/ch3/2.png used on input line 42.
(pdftex.def)             Requested size: 208.5233pt x 166.12486pt.


LaTeX Warning: `!h' float specifier changed to `!ht'.

<figures/ch3/3.pdf, id=490, 260.975pt x 163.61125pt>
File: figures/ch3/3.pdf Graphic file (type pdf)
 <use figures/ch3/3.pdf>
Package pdftex.def Info: figures/ch3/3.pdf used on input line 51.
(pdftex.def)             Requested size: 182.68126pt x 114.52708pt.

Overfull \hbox (20.68236pt too wide) in paragraph at lines 51--52
 [][] 
 []

<figures/ch3/4.pdf, id=491, 260.975pt x 156.585pt>
File: figures/ch3/4.pdf Graphic file (type pdf)
 <use figures/ch3/4.pdf>
Package pdftex.def Info: figures/ch3/4.pdf used on input line 58.
(pdftex.def)             Requested size: 182.68126pt x 109.60873pt.

Overfull \hbox (20.68236pt too wide) in paragraph at lines 58--59
 [][] 
 []


LaTeX Warning: `!h' float specifier changed to `!ht'.

[32pdfTeX warning (ext4): destination with the same identifier (name{figure.3.1
}) has been already used, duplicate ignored

\AtBegShi@Output ...ipout \box \AtBeginShipoutBox 
                                                  \fi \fi 
l.72 \end{equation*}
                     <./figures/ch3/1.png>]) [33pdfTeX warning (ext4): destinat
ion with the same identifier (name{figure.3.2}) has been already used, duplicat
e ignored

\AtBegShi@Output ...ipout \box \AtBeginShipoutBox 
                                                  \fi \fi 
l.24 \include{./tex/ch3}
                        pdfTeX warning (ext4): destination with the same identi
fier (name{figure.3.3}) has been already used, duplicate ignored

\AtBegShi@Output ...ipout \box \AtBeginShipoutBox 
                                                  \fi \fi 
l.24 \include{./tex/ch3}
                        pdfTeX warning (ext4): destination with the same identi
fier (name{figure.3.4}) has been already used, duplicate ignored

\AtBegShi@Output ...ipout \box \AtBeginShipoutBox 
                                                  \fi \fi 
l.24 \include{./tex/ch3}
                         <./figures/ch3/2.png> <./figures/ch3/3.pdf> <./figures
/ch3/4.pdf

pdfTeX warning: /usr/texbin/pdflatex (file ./figures/ch3/4.pdf): PDF inclusion:
 multiple pdfs with page group included in a single page
>]
\openout2 = `./tex/ch4.aux'.

 (./tex/ch4.tex [34



]
Chapter 4.
<figures/ch4/1.png, id=524, 261.97874pt x 292.09125pt>
File: figures/ch4/1.png Graphic file (type png)
 <use figures/ch4/1.png>
Package pdftex.def Info: figures/ch4/1.png used on input line 17.
(pdftex.def)             Requested size: 157.18845pt x 175.25609pt.

Underfull \vbox (badness 10000) has occurred while \output is active []

 [35]
Package epstopdf Info: Source file: <figures/ch4/2.eps>
(epstopdf)                    date: 2015-01-22 23:13:27
(epstopdf)                    size: 289592 bytes
(epstopdf)             Output file: <figures/ch4/2-eps-converted-to.pdf>
(epstopdf)                    date: 2015-01-22 23:20:17
(epstopdf)                    size: 14502 bytes
(epstopdf)             Command: <repstopdf --outfile=figures/ch4/2-eps-converte
d-to.pdf figures/ch4/2.eps>
(epstopdf)             \includegraphics on input line 46.
Package epstopdf Info: Output file is already uptodate.

<figures/ch4/2-eps-converted-to.pdf, id=532, 260.975pt x 159.59625pt>
File: figures/ch4/2-eps-converted-to.pdf Graphic file (type pdf)

<use figures/ch4/2-eps-converted-to.pdf>
Package pdftex.def Info: figures/ch4/2-eps-converted-to.pdf used on input line 
46.
(pdftex.def)             Requested size: 260.97437pt x 159.59584pt.

Underfull \vbox (badness 1264) has occurred while \output is active []

 [36pdfTeX warning (ext4): destination with the same identifier (name{figure.4.
1}) has been already used, duplicate ignored

\AtBegShi@Output ...ipout \box \AtBeginShipoutBox 
                                                  \fi \fi 
l.55 
      <./figures/ch4/1.png>]
<figures/ch4/12.png, id=541, 308.8338pt x 357.9774pt>
File: figures/ch4/12.png Graphic file (type png)
 <use figures/ch4/12.png>
Package pdftex.def Info: figures/ch4/12.png used on input line 91.
(pdftex.def)             Requested size: 370.5987pt x 429.57072pt.

Overfull \hbox (10.5987pt too wide) in paragraph at lines 91--92
 [][] 
 []


Underfull \vbox (badness 10000) has occurred while \output is active []

 [37pdfTeX warning (ext4): destination with the same identifier (name{figure.4.
2}) has been already used, duplicate ignored

\AtBegShi@Output ...ipout \box \AtBeginShipoutBox 
                                                  \fi \fi 
l.95 H
      ence based on the table listed in figure \ref{fig:4:12} , solving this...
 <./figures/ch4/2-eps-converted-to.pdf>] [38pdfTeX warning (ext4): destination 
with the same identifier (name{figure.4.3}) has been already used, duplicate ig
nored

\AtBegShi@Output ...ipout \box \AtBeginShipoutBox 
                                                  \fi \fi 
l.100 $$
        \theta*=C_1\exp(-\zeta^2_1Fo)\cos(\zeta_1x*)$$ <./figures/ch4/12.png>]
Package epstopdf Info: Source file: <figures/ch4/10.eps>
(epstopdf)                    date: 2015-01-22 22:38:47
(epstopdf)                    size: 291369 bytes
(epstopdf)             Output file: <figures/ch4/10-eps-converted-to.pdf>
(epstopdf)                    date: 2015-01-22 22:48:18
(epstopdf)                    size: 15545 bytes
(epstopdf)             Command: <repstopdf --outfile=figures/ch4/10-eps-convert
ed-to.pdf figures/ch4/10.eps>
(epstopdf)             \includegraphics on input line 104.
Package epstopdf Info: Output file is already uptodate.

<figures/ch4/10-eps-converted-to.pdf, id=559, 260.975pt x 159.59625pt>
File: figures/ch4/10-eps-converted-to.pdf Graphic file (type pdf)

<use figures/ch4/10-eps-converted-to.pdf>
Package pdftex.def Info: figures/ch4/10-eps-converted-to.pdf used on input line
 104.
(pdftex.def)             Requested size: 260.97437pt x 159.59584pt.
Package epstopdf Info: Source file: <figures/ch4/11.eps>
(epstopdf)                    date: 2015-01-22 22:42:07
(epstopdf)                    size: 326752 bytes
(epstopdf)             Output file: <figures/ch4/11-eps-converted-to.pdf>
(epstopdf)                    date: 2015-01-22 23:02:34
(epstopdf)                    size: 20117 bytes
(epstopdf)             Command: <repstopdf --outfile=figures/ch4/11-eps-convert
ed-to.pdf figures/ch4/11.eps>
(epstopdf)             \includegraphics on input line 111.
Package epstopdf Info: Output file is already uptodate.

<figures/ch4/11-eps-converted-to.pdf, id=561, 260.975pt x 162.6075pt>
File: figures/ch4/11-eps-converted-to.pdf Graphic file (type pdf)

<use figures/ch4/11-eps-converted-to.pdf>
Package pdftex.def Info: figures/ch4/11-eps-converted-to.pdf used on input line
 111.
(pdftex.def)             Requested size: 260.97437pt x 162.6071pt.
 [39pdfTeX warning (ext4): destination with the same identifier (name{figure.4.
4}) has been already used, duplicate ignored

\AtBegShi@Output ...ipout \box \AtBeginShipoutBox 
                                                  \fi \fi 
l.115 \end{solution}
                    pdfTeX warning (ext4): destination with the same identifier
 (name{figure.4.5}) has been already used, duplicate ignored

\AtBegShi@Output ...ipout \box \AtBeginShipoutBox 
                                                  \fi \fi 
l.115 \end{solution}
                     <./figures/ch4/10-eps-converted-to.pdf> <./figures/ch4/11-
eps-converted-to.pdf>]
Underfull \hbox (badness 10000) in paragraph at lines 146--148

 []

[40] <figures/ch4/7.png, id=581, 638.385pt x 632.3625pt>
File: figures/ch4/7.png Graphic file (type png)

<use figures/ch4/7.png>
Package pdftex.def Info: figures/ch4/7.png used on input line 171.
(pdftex.def)             Requested size: 383.03394pt x 379.42043pt.

Overfull \hbox (23.03394pt too wide) in paragraph at lines 171--172
 [][] 
 []


Underfull \vbox (badness 10000) has occurred while \output is active []

 [41]
<figures/ch4/8.png, id=587, 363.3575pt x 288.07625pt>
File: figures/ch4/8.png Graphic file (type png)
 <use figures/ch4/8.png>
Package pdftex.def Info: figures/ch4/8.png used on input line 187.
(pdftex.def)             Requested size: 363.3566pt x 288.07553pt.

Overfull \hbox (3.3566pt too wide) in paragraph at lines 187--188
 [][] 
 []

[42pdfTeX warning (ext4): destination with the same identifier (name{figure.4.6
}) has been already used, duplicate ignored

\AtBegShi@Output ...ipout \box \AtBeginShipoutBox 
                                                  \fi \fi 
l.191 \end{solution}
                     <./figures/ch4/7.png>]
<figures/ch4/5.png, id=597, 271.76532pt x 182.18062pt>
File: figures/ch4/5.png Graphic file (type png)
 <use figures/ch4/5.png>
Package pdftex.def Info: figures/ch4/5.png used on input line 203.
(pdftex.def)             Requested size: 217.41254pt x 145.74467pt.

Underfull \vbox (badness 10000) has occurred while \output is active []

 [43pdfTeX warning (ext4): destination with the same identifier (name{figure.4.
7}) has been already used, duplicate ignored

\AtBegShi@Output ...ipout \box \AtBeginShipoutBox 
                                                  \fi \fi 
l.207 \end{example}
                    <./figures/ch4/8.png (PNG copy)>]
<figures/ch4/6.png, id=607, 297.36093pt x 278.54062pt>
File: figures/ch4/6.png Graphic file (type png)
 <use figures/ch4/6.png>
Package pdftex.def Info: figures/ch4/6.png used on input line 215.
(pdftex.def)             Requested size: 237.88905pt x 222.8328pt.

[44pdfTeX warning (ext4): destination with the same identifier (name{figure.4.8
}) has been already used, duplicate ignored

\AtBegShi@Output ...ipout \box \AtBeginShipoutBox 
                                                  \fi \fi 
l.224 $$
        pdfTeX warning (ext4): destination with the same identifier (name{figur
e.4.9}) has been already used, duplicate ignored

\AtBegShi@Output ...ipout \box \AtBeginShipoutBox 
                                                  \fi \fi 
l.224 $$
         <./figures/ch4/5.png> <./figures/ch4/6.png>] [45]) [46]
No file document.bbl.
Package atveryend Info: Empty hook `BeforeClearDocument' on input line 29.
Package atveryend Info: Empty hook `AfterLastShipout' on input line 29.
(./document.aux (./tex/chMathematica.aux) (./tex/ch2.aux) (./tex/ch3.aux)
(./tex/ch4.aux))
Package atveryend Info: Executing hook `AtVeryEndDocument' on input line 29.
Package atveryend Info: Executing hook `AtEndAfterFileList' on input line 29.
Package rerunfilecheck Info: File `document.out' has not changed.
(rerunfilecheck)             Checksum: BDE05F67349D7A3CAB3542F57277EAE9;1636.


LaTeX Warning: Label(s) may have changed. Rerun to get cross-references right.

Package atveryend Info: Empty hook `AtVeryVeryEnd' on input line 29.
 ) 
Here is how much of TeX's memory you used:
 21196 strings out of 493117
 376013 string characters out of 6135433
 582664 words of memory out of 5000000
 24043 multiletter control sequences out of 15000+600000
 105217 words of font info for 80 fonts, out of 8000000 for 9000
 1141 hyphenation exceptions out of 8191
 62i,11n,60p,580b,3122s stack positions out of 5000i,500n,10000p,200000b,80000s
{/usr/local/texlive/2014/texmf-dist/fonts/enc/dvips/lm/lm-mathit.enc}{/usr/lo
cal/texlive/2014/texmf-dist/fonts/enc/dvips/lm/lm-rm.enc}{/usr/local/texlive/20
14/texmf-dist/fonts/enc/dvips/lm/lm-ec.enc}{/usr/local/texlive/2014/texmf-dist/
fonts/enc/dvips/lm/lm-mathsy.enc}{/usr/local/texlive/2014/texmf-dist/fonts/enc/
dvips/lm/lm-mathex.enc}</usr/local/texlive/2014/texmf-dist/fonts/type1/public/l
m/lmbx10.pfb></usr/local/texlive/2014/texmf-dist/fonts/type1/public/lm/lmbx12.p
fb></usr/local/texlive/2014/texmf-dist/fonts/type1/public/lm/lmcsc10.pfb></usr/
local/texlive/2014/texmf-dist/fonts/type1/public/lm/lmex10.pfb></usr/local/texl
ive/2014/texmf-dist/fonts/type1/public/lm/lmmi10.pfb></usr/local/texlive/2014/t
exmf-dist/fonts/type1/public/lm/lmmi6.pfb></usr/local/texlive/2014/texmf-dist/f
onts/type1/public/lm/lmmi8.pfb></usr/local/texlive/2014/texmf-dist/fonts/type1/
public/lm/lmr10.pfb></usr/local/texlive/2014/texmf-dist/fonts/type1/public/lm/l
mr12.pfb></usr/local/texlive/2014/texmf-dist/fonts/type1/public/lm/lmr6.pfb></u
sr/local/texlive/2014/texmf-dist/fonts/type1/public/lm/lmr7.pfb></usr/local/tex
live/2014/texmf-dist/fonts/type1/public/lm/lmr8.pfb></usr/local/texlive/2014/te
xmf-dist/fonts/type1/public/lm/lmr9.pfb></usr/local/texlive/2014/texmf-dist/fon
ts/type1/public/lm/lmri10.pfb></usr/local/texlive/2014/texmf-dist/fonts/type1/p
ublic/lm/lmro10.pfb></usr/local/texlive/2014/texmf-dist/fonts/type1/public/lm/l
mss10.pfb></usr/local/texlive/2014/texmf-dist/fonts/type1/public/lm/lmssbx10.pf
b></usr/local/texlive/2014/texmf-dist/fonts/type1/public/lm/lmsy10.pfb></usr/lo
cal/texlive/2014/texmf-dist/fonts/type1/public/lm/lmsy8.pfb></usr/local/texlive
/2014/texmf-dist/fonts/type1/public/lm/lmtt9.pfb></usr/local/texlive/2014/texmf
-dist/fonts/type1/public/amsfonts/symbols/msam10.pfb>
Output written on document.pdf (46 pages, 1733694 bytes).
PDF statistics:
 735 PDF objects out of 1000 (max. 8388607)
 599 compressed objects within 6 object streams
 160 named destinations out of 1000 (max. 500000)
 385 words of extra memory for PDF output out of 10000 (max. 10000000)

